2022-05-03_13:06:58 1 1
2022-05-03_13:06:59 1 2
2022-05-03_13:06:59 1 3
2022-05-03_13:06:59 1 4
2022-05-03_13:06:59 1 5
2022-05-03_13:06:59 1 6
2022-05-03_13:07:00 1 7
2022-05-03_13:07:00 1 8
2022-05-03_13:07:00 1 9
2022-05-03_13:07:00 1 10
2022-05-03_13:07:01 1 11
2022-05-03_13:07:01 1 12
2022-05-03_13:07:01 1 13
2022-05-03_13:07:01 1 14
2022-05-03_13:07:01 1 15
2022-05-03_13:07:02 1 16
2022-05-03_13:07:02 1 17
2022-05-03_13:07:02 1 18
2022-05-03_13:07:02 1 19
2022-05-03_13:07:02 1 20
2022-05-03_13:07:03 1 21
2022-05-03_13:07:03 1 22
2022-05-03_13:07:03 1 23
2022-05-03_13:07:03 1 24
2022-05-03_13:07:03 1 25
2022-05-03_13:07:04 1 26
2022-05-03_13:07:04 1 27
2022-05-03_13:07:04 1 28
2022-05-03_13:07:04 1 29
2022-05-03_13:07:04 1 30
2022-05-03_13:07:05 1 31
2022-05-03_13:07:05 1 32
2022-05-03_13:07:05 1 33
2022-05-03_13:07:05 1 34
2022-05-03_13:07:05 1 35
2022-05-03_13:07:06 1 36
2022-05-03_13:07:06 1 37
2022-05-03_13:07:06 1 38
2022-05-03_13:07:06 1 39
2022-05-03_13:07:06 1 40
2022-05-03_13:07:07 1 41
2022-05-03_13:07:07 1 42
2022-05-03_13:07:07 1 43
2022-05-03_13:07:07 1 44
2022-05-03_13:07:07 1 45
2022-05-03_13:07:08 1 46
2022-05-03_13:07:08 1 47
2022-05-03_13:07:08 1 48
2022-05-03_13:07:08 1 49
2022-05-03_13:07:09 1 50
2022-05-03_13:12:50 2 1
2022-05-03_13:12:50 2 2
2022-05-03_13:12:50 2 3
2022-05-03_13:12:50 2 4
2022-05-03_13:12:51 2 5
2022-05-03_13:12:51 2 6
2022-05-03_13:12:51 2 7
2022-05-03_13:12:51 2 8
2022-05-03_13:12:52 2 9
2022-05-03_13:12:52 2 10
2022-05-03_13:12:52 2 11
2022-05-03_13:12:52 2 12
2022-05-03_13:12:52 2 13
2022-05-03_13:12:53 2 14
2022-05-03_13:12:53 2 15
